<?xml version="1.0" encoding="UTF-8"?>
<!-- Generated by org.testng.reporters.JUnitXMLReporter -->
<testsuite ignored="0" hostname="Ayushas-MacBook-Air.local" failures="0" tests="3" name="Test" time="23.802" errors="0" timestamp="15 Feb 2021 01:13:00 GMT">
  <testcase classname="com.progressive.testcases.GoogleTest" name="googleSearchTest1" time="7.332"/>
  <testcase classname="com.progressive.testcases.GoogleTest" name="googleSearchTest2" time="0.003"/>
  <testcase classname="com.progressive.testcases.GoogleTest" name="googleSearchTest3" time="0.002"/>
</testsuite> <!-- Test -->
