<?xml version="1.0" encoding="UTF-8"?>
<!-- Generated by org.testng.reporters.JUnitXMLReporter -->
<testsuite ignored="0" hostname="Ayushas-MacBook-Air.local" failures="1" tests="2" name="Google Test" time="38.619" errors="0" timestamp="18 Feb 2021 02:29:32 GMT">
  <testcase classname="com.progressive.testcases.progressive.ProgressiveAutoInsuranceTest" name="progressiveSearchTest" time="3.044"/>
  <testcase classname="com.progressive.testcases.progressive.ProgressiveAutoInsuranceTest" name="progressiveDetailsTest" time="27.608">
    <failure type="java.lang.NoClassDefFoundError" message="Could not initialize class org.openqa.selenium.WebDriverException">
      <![CDATA[java.lang.NoClassDefFoundError: Could not initialize class org.openqa.selenium.WebDriverException
at org.openqa.selenium.remote.codec.w3c.W3CHttpResponseCodec.createException(W3CHttpResponseCodec.java:196)
at org.openqa.selenium.remote.codec.w3c.W3CHttpResponseCodec.decode(W3CHttpResponseCodec.java:129)
at org.openqa.selenium.remote.codec.w3c.W3CHttpResponseCodec.decode(W3CHttpResponseCodec.java:53)
at org.openqa.selenium.remote.HttpCommandExecutor.execute(HttpCommandExecutor.java:167)
at org.openqa.selenium.remote.service.DriverCommandExecutor.execute(DriverCommandExecutor.java:123)
at org.openqa.selenium.remote.RemoteWebDriver.execute(RemoteWebDriver.java:501)
at org.openqa.selenium.remote.RemoteWebDriver.findElement(RemoteWebDriver.java:332)
at org.openqa.selenium.By$ById.findElement(By.java:193)
at org.openqa.selenium.remote.RemoteWebDriver.findElement(RemoteWebDriver.java:312)
at org.openqa.selenium.support.pagefactory.DefaultElementLocator.findElement(DefaultElementLocator.java:70)
at org.openqa.selenium.support.pagefactory.internal.LocatingElementHandler.invoke(LocatingElementHandler.java:39)
at com.sun.proxy.$Proxy19.click(Unknown Source)
at com.progressive.pages.ProgressivePersonalInfo.addVehicle(ProgressivePersonalInfo.java:75)
at com.progressive.testcases.progressive.ProgressiveAutoInsuranceTest.progressiveDetailsTest(ProgressiveAutoInsuranceTest.java:40)
... Removed 30 stack frames]]>
    </failure>
  </testcase> <!-- progressiveDetailsTest -->
</testsuite> <!-- Google Test -->
